<?xml version="1.0" encoding="UTF-8"?>
<robot generator="Robot 5.0.1 (Python 3.9.2 on win32)" generated="20240913 19:25:25.602" rpa="false" schemaversion="3">
<suite id="s1" name="Tests" source="C:\Local\TestAutomationAgent\libs\robotframework\templates\default\tests">
<suite id="s1-s1" name="Web Functionality" source="C:\Local\TestAutomationAgent\libs\robotframework\templates\default\tests\web_functionality.robot">
<test id="s1-s1-t1" name="Example Test" line="25">
<kw name="Log" library="BuiltIn">
<arg>Environnement : ${ENVIRONMENT}</arg>
<doc>Logs the given message with the given level.</doc>
<msg timestamp="20240913 19:25:26.423" level="INFO">Environnement : dev</msg>
<status status="PASS" starttime="20240913 19:25:26.423" endtime="20240913 19:25:26.423"/>
</kw>
<kw name="Log" library="BuiltIn">
<arg>Base URL : ${${ENVIRONMENT}.base_url}</arg>
<doc>Logs the given message with the given level.</doc>
<msg timestamp="20240913 19:25:26.431" level="INFO">Base URL : https://google.com</msg>
<status status="PASS" starttime="20240913 19:25:26.423" endtime="20240913 19:25:26.431"/>
</kw>
<kw name="Open Browser" library="SeleniumLibrary">
<arg>${${ENVIRONMENT}.base_url}</arg>
<arg>${${ENVIRONMENT}.browser}</arg>
<doc>Opens a new browser instance to the optional ``url``.</doc>
<msg timestamp="20240913 19:25:26.437" level="INFO">Opening browser 'chrome' to base url 'https://google.com'.</msg>
<msg timestamp="20240913 19:25:29.625" level="WARN">Error sending stats to Plausible: error sending request for url (https://plausible.io/api/event)</msg>
<status status="PASS" starttime="20240913 19:25:26.431" endtime="20240913 19:26:00.019"/>
</kw>
<kw name="Maximize Browser Window" library="SeleniumLibrary">
<doc>Maximizes current browser window.</doc>
<status status="PASS" starttime="20240913 19:26:00.019" endtime="20240913 19:26:00.068"/>
</kw>
<kw name="Close Browser" library="SeleniumLibrary">
<doc>Closes the current browser.</doc>
<status status="PASS" starttime="20240913 19:26:00.068" endtime="20240913 19:26:28.139"/>
</kw>
<doc>Ceci est un exemple de test utilisant les variables d'environnement</doc>
<tag>656121</tag>
<status status="PASS" starttime="20240913 19:25:26.423" endtime="20240913 19:26:28.139"/>
</test>
<status status="PASS" starttime="20240913 19:25:25.701" endtime="20240913 19:26:28.139"/>
</suite>
<status status="PASS" starttime="20240913 19:25:25.637" endtime="20240913 19:26:28.150"/>
</suite>
<statistics>
<total>
<stat pass="1" fail="0" skip="0">All Tests</stat>
</total>
<tag>
<stat pass="1" fail="0" skip="0">656121</stat>
</tag>
<suite>
<stat pass="1" fail="0" skip="0" id="s1" name="Tests">Tests</stat>
<stat pass="1" fail="0" skip="0" id="s1-s1" name="Web Functionality">Tests.Web Functionality</stat>
</suite>
</statistics>
<errors>
<msg timestamp="20240913 19:25:29.625" level="WARN">Error sending stats to Plausible: error sending request for url (https://plausible.io/api/event)</msg>
</errors>
</robot>
