<?xml version="1.0" encoding="UTF-8"?>
<robot generator="Robot 5.0.1 (Python 3.9.2 on win32)" generated="20240919 16:25:26.220" rpa="false" schemaversion="3">
<suite id="s1" name="Tests" source="C:\Local\TestAutomationAgent\libs\robotframework\templates\default\tests">
<suite id="s1-s1" name="Import Libs Functionality" source="C:\Local\TestAutomationAgent\libs\robotframework\templates\default\tests\import_libs_functionality.robot">
<test id="s1-s1-t1" name="Test_Import_Lib" line="23">
<kw name="Press Key" library="LaptopActionsLibrary">
<arg>tab</arg>
<doc>Press a single key.
:param key: The key to be pressed (e.g., 'a', 'b', 'enter', 'tab').</doc>
<status status="PASS" starttime="20240919 16:25:27.662" endtime="20240919 16:25:27.778"/>
</kw>
<kw name="Hold And Press Key" library="LaptopActionsLibrary">
<arg>Ctrl</arg>
<arg>tab</arg>
<doc>Hold down a modifier key (like 'ctrl', 'shift') and press another key.
:param modifier: The modifier key (e.g., 'ctrl', 'shift').
:param key: The key to press while holding the modifier.</doc>
<status status="PASS" starttime="20240919 16:25:27.780" endtime="20240919 16:25:27.895"/>
</kw>
<doc>Ceci est un exemple de test utilisant les variables d'environnement</doc>
<tag>656118</tag>
<tag>Gamera</tag>
<status status="PASS" starttime="20240919 16:25:27.646" endtime="20240919 16:25:27.895"/>
</test>
<status status="PASS" starttime="20240919 16:25:26.285" endtime="20240919 16:25:27.901"/>
</suite>
<status status="PASS" starttime="20240919 16:25:26.243" endtime="20240919 16:25:27.901"/>
</suite>
<statistics>
<total>
<stat pass="1" fail="0" skip="0">All Tests</stat>
</total>
<tag>
<stat pass="1" fail="0" skip="0">656118</stat>
<stat pass="1" fail="0" skip="0">Gamera</stat>
</tag>
<suite>
<stat pass="1" fail="0" skip="0" id="s1" name="Tests">Tests</stat>
<stat pass="1" fail="0" skip="0" id="s1-s1" name="Import Libs Functionality">Tests.Import Libs Functionality</stat>
</suite>
</statistics>
<errors>
</errors>
</robot>
